<?xml version="1.0" encoding="UTF-8"?>
<testsuite xmlns:xsi="http://www.w3.org/2001/XMLSchema-instance" xsi:noNamespaceSchemaLocation="https://maven.apache.org/surefire/maven-surefire-plugin/xsd/surefire-test-report-3.0.xsd" version="3.0" name="com.freeacess.AppTest" time="0.027" tests="1" errors="0" skipped="0" failures="0">
  <properties>
    <property name="sun.desktop" value="windows"/>
    <property name="awt.toolkit" value="sun.awt.windows.WToolkit"/>
    <property name="java.specification.version" value="11"/>
    <property name="sun.cpu.isalist" value="amd64"/>
    <property name="sun.jnu.encoding" value="Cp1252"/>
    <property name="java.class.path" value="c:\Users\MEU COMPUTADOR\OneDrive\Documentos\FreeAcess\freeacess\target\test-classes;c:\Users\MEU COMPUTADOR\OneDrive\Documentos\FreeAcess\freeacess\target\classes;C:\Users\MEU COMPUTADOR\.m2\repository\junit\junit\3.8.1\junit-3.8.1.jar;C:\Users\MEU COMPUTADOR\.m2\repository\org\postgresql\postgresql\42.6.0\postgresql-42.6.0.jar;C:\Users\MEU COMPUTADOR\.m2\repository\org\checkerframework\checker-qual\3.31.0\checker-qual-3.31.0.jar;C:\Users\MEU COMPUTADOR\.m2\repository\uk\co\caprica\vlcj\4.8.1\vlcj-4.8.1.jar;C:\Users\MEU COMPUTADOR\.m2\repository\uk\co\caprica\vlcj-natives\4.8.1\vlcj-natives-4.8.1.jar;C:\Users\MEU COMPUTADOR\.m2\repository\net\java\dev\jna\jna-jpms\5.12.1\jna-jpms-5.12.1.jar;C:\Users\MEU COMPUTADOR\.m2\repository\net\java\dev\jna\jna-platform-jpms\5.12.1\jna-platform-jpms-5.12.1.jar;"/>
    <property name="java.vm.vendor" value="Oracle Corporation"/>
    <property name="sun.arch.data.model" value="64"/>
    <property name="user.variant" value=""/>
    <property name="java.vendor.url" value="https://openjdk.java.net/"/>
    <property name="user.timezone" value="GMT-03:00"/>
    <property name="java.vm.specification.version" value="11"/>
    <property name="os.name" value="Windows 10"/>
    <property name="sun.java.launcher" value="SUN_STANDARD"/>
    <property name="user.country" value="BR"/>
    <property name="sun.boot.library.path" value="C:\Program Files\Java\jdk-11.0.17\bin"/>
    <property name="sun.java.command" value="C:\Users\MEU COMPUTADOR\AppData\Local\Temp\surefire2599350196892252647\surefirebooter-20230425203249752_3.jar C:\Users\MEU COMPUTADOR\AppData\Local\Temp\surefire2599350196892252647 2023-04-25T20-32-49_291-jvmRun1 surefire-20230425203249752_1tmp surefire_0-20230425203249752_2tmp"/>
    <property name="jdk.debug" value="release"/>
    <property name="surefire.test.class.path" value="c:\Users\MEU COMPUTADOR\OneDrive\Documentos\FreeAcess\freeacess\target\test-classes;c:\Users\MEU COMPUTADOR\OneDrive\Documentos\FreeAcess\freeacess\target\classes;C:\Users\MEU COMPUTADOR\.m2\repository\junit\junit\3.8.1\junit-3.8.1.jar;C:\Users\MEU COMPUTADOR\.m2\repository\org\postgresql\postgresql\42.6.0\postgresql-42.6.0.jar;C:\Users\MEU COMPUTADOR\.m2\repository\org\checkerframework\checker-qual\3.31.0\checker-qual-3.31.0.jar;C:\Users\MEU COMPUTADOR\.m2\repository\uk\co\caprica\vlcj\4.8.1\vlcj-4.8.1.jar;C:\Users\MEU COMPUTADOR\.m2\repository\uk\co\caprica\vlcj-natives\4.8.1\vlcj-natives-4.8.1.jar;C:\Users\MEU COMPUTADOR\.m2\repository\net\java\dev\jna\jna-jpms\5.12.1\jna-jpms-5.12.1.jar;C:\Users\MEU COMPUTADOR\.m2\repository\net\java\dev\jna\jna-platform-jpms\5.12.1\jna-platform-jpms-5.12.1.jar;"/>
    <property name="sun.cpu.endian" value="little"/>
    <property name="user.home" value="C:\Users\MEU COMPUTADOR"/>
    <property name="user.language" value="pt"/>
    <property name="java.specification.vendor" value="Oracle Corporation"/>
    <property name="java.version.date" value="2022-10-18"/>
    <property name="java.home" value="C:\Program Files\Java\jdk-11.0.17"/>
    <property name="file.separator" value="\"/>
    <property name="basedir" value="c:\Users\MEU COMPUTADOR\OneDrive\Documentos\FreeAcess\freeacess"/>
    <property name="java.vm.compressedOopsMode" value="32-bit"/>
    <property name="line.separator" value="&#10;"/>
    <property name="java.specification.name" value="Java Platform API Specification"/>
    <property name="java.vm.specification.vendor" value="Oracle Corporation"/>
    <property name="java.awt.graphicsenv" value="sun.awt.Win32GraphicsEnvironment"/>
    <property name="surefire.real.class.path" value="C:\Users\MEU COMPUTADOR\AppData\Local\Temp\surefire2599350196892252647\surefirebooter-20230425203249752_3.jar"/>
    <property name="user.script" value=""/>
    <property name="sun.management.compiler" value="HotSpot 64-Bit Tiered Compilers"/>
    <property name="java.runtime.version" value="11.0.17+10-LTS-269"/>
    <property name="user.name" value="Harison"/>
    <property name="path.separator" value=";"/>
    <property name="os.version" value="10.0"/>
    <property name="java.runtime.name" value="Java(TM) SE Runtime Environment"/>
    <property name="file.encoding" value="Cp1252"/>
    <property name="java.vm.name" value="Java HotSpot(TM) 64-Bit Server VM"/>
    <property name="java.vendor.version" value="18.9"/>
    <property name="localRepository" value="C:\Users\MEU COMPUTADOR\.m2\repository"/>
    <property name="java.vendor.url.bug" value="https://bugreport.java.com/bugreport/"/>
    <property name="java.io.tmpdir" value="C:\Users\MEUCOM~1\AppData\Local\Temp\"/>
    <property name="java.version" value="11.0.17"/>
    <property name="user.dir" value="c:\Users\MEU COMPUTADOR\OneDrive\Documentos\FreeAcess\freeacess"/>
    <property name="os.arch" value="amd64"/>
    <property name="java.vm.specification.name" value="Java Virtual Machine Specification"/>
    <property name="java.awt.printerjob" value="sun.awt.windows.WPrinterJob"/>
    <property name="sun.os.patch.level" value=""/>
    <property name="java.library.path" value="C:\Program Files\Java\jdk-11.0.17\bin;C:\WINDOWS\Sun\Java\bin;C:\WINDOWS\system32;C:\WINDOWS;C:\Program Files\Common Files\Oracle\Java\javapath;C:\WINDOWS\system32;C:\WINDOWS;C:\WINDOWS\System32\Wbem;C:\WINDOWS\System32\WindowsPowerShell\v1.0\;C:\WINDOWS\System32\OpenSSH\;C:\Program Files\Maven\apache-maven-3.9.1\bin;C:\Program Files\PostgreSQL\14\bin;C:\Users\MEU COMPUTADOR\AppData\Local\Microsoft\WindowsApps;;C:\Users\MEU COMPUTADOR\AppData\Local\Programs\Microsoft VS Code\bin;."/>
    <property name="java.vendor" value="Oracle Corporation"/>
    <property name="java.vm.info" value="mixed mode"/>
    <property name="java.vm.version" value="11.0.17+10-LTS-269"/>
    <property name="sun.io.unicode.encoding" value="UnicodeLittle"/>
    <property name="java.class.version" value="55.0"/>
  </properties>
  <testcase name="testApp" classname="com.freeacess.AppTest" time="0.006"/>
</testsuite>